TN:
SF:src/repositories/EmployeesRepository.js
FN:11,getAll
FN:20,search
FN:40,countByState
FN:58,salaryRange
FN:77,deleteEmployee
FN:105,createOrUpdate
FNF:6
FNH:6
FNDA:2,getAll
FNDA:4,search
FNDA:1,countByState
FNDA:2,salaryRange
FNDA:2,deleteEmployee
FNDA:6,createOrUpdate
DA:1,1
DA:2,1
DA:3,1
DA:4,1
DA:5,1
DA:6,1
DA:7,1
DA:8,1
DA:9,1
DA:10,1
DA:11,1
DA:12,2
DA:13,2
DA:14,2
DA:15,2
DA:16,2
DA:17,2
DA:18,2
DA:19,1
DA:20,1
DA:21,4
DA:22,4
DA:23,4
DA:24,4
DA:25,4
DA:26,8
DA:27,8
DA:28,8
DA:29,2
DA:30,2
DA:31,8
DA:32,4
DA:33,4
DA:34,4
DA:35,1
DA:36,1
DA:37,4
DA:38,4
DA:39,1
DA:40,1
DA:41,1
DA:42,1
DA:43,1
DA:44,1
DA:45,1
DA:46,1
DA:47,3
DA:48,3
DA:49,3
DA:50,3
DA:51,3
DA:52,3
DA:53,3
DA:54,3
DA:55,1
DA:56,1
DA:57,1
DA:58,1
DA:59,2
DA:60,2
DA:61,2
DA:62,2
DA:63,2
DA:64,2
DA:65,2
DA:66,2
DA:67,2
DA:68,2
DA:69,2
DA:70,2
DA:71,2
DA:72,1
DA:73,1
DA:74,2
DA:75,2
DA:76,1
DA:77,1
DA:78,2
DA:79,2
DA:80,2
DA:81,2
DA:82,2
DA:83,2
DA:84,2
DA:85,2
DA:86,2
DA:87,2
DA:88,2
DA:89,0
DA:90,0
DA:91,0
DA:92,0
DA:93,0
DA:94,2
DA:95,1
DA:96,1
DA:97,1
DA:98,1
DA:99,1
DA:100,2
DA:101,1
DA:102,1
DA:103,2
DA:104,1
DA:105,1
DA:106,6
DA:107,6
DA:108,6
DA:109,6
DA:110,6
DA:111,6
DA:112,6
DA:113,6
DA:114,6
DA:115,6
DA:116,6
DA:117,6
DA:118,6
DA:119,6
DA:120,6
DA:121,6
DA:122,6
DA:123,6
DA:124,6
DA:125,6
DA:126,6
DA:127,6
DA:128,6
DA:129,6
DA:130,6
DA:131,6
DA:132,0
DA:133,0
DA:134,6
DA:135,1
DA:136,1
DA:137,1
DA:138,1
DA:139,6
DA:140,0
DA:141,0
DA:142,0
DA:143,0
DA:144,0
DA:145,6
DA:146,1
DA:147,1
DA:148,1
DA:149,1
DA:150,6
DA:151,5
DA:152,5
DA:153,6
DA:154,1
DA:155,1
DA:156,1
DA:157,1
LF:157
LH:145
BRDA:11,0,0,2
BRDA:20,1,0,4
BRDA:22,2,0,0
BRDA:34,3,0,0
BRDA:34,4,0,1
BRDA:25,5,0,8
BRDA:28,6,0,2
BRDA:40,7,0,1
BRDA:46,8,0,3
BRDA:58,9,0,2
BRDA:71,10,0,0
BRDA:71,11,0,1
BRDA:67,12,0,3
BRDA:77,13,0,2
BRDA:88,14,0,0
BRDA:94,15,0,1
BRDA:100,16,0,0
BRDA:100,17,0,1
BRDA:86,18,0,3
BRDA:105,19,0,6
BRDA:131,20,0,0
BRDA:134,21,0,1
BRDA:139,22,0,0
BRDA:145,23,0,1
BRDA:150,24,0,0
BRDA:150,25,0,5
BRDA:123,26,0,2
BRF:27
BRH:19
end_of_record
TN:
SF:src/repositories/validations.js
FN:1,dataValidation
FNF:1
FNH:1
FNDA:28,dataValidation
DA:1,1
DA:2,28
DA:3,20
DA:4,20
DA:5,20
DA:6,20
DA:7,20
DA:8,20
DA:9,20
DA:10,20
DA:11,20
DA:12,20
DA:13,20
DA:14,20
DA:15,20
DA:16,20
DA:17,20
DA:18,20
DA:19,20
DA:20,20
DA:21,20
DA:22,20
DA:23,20
DA:24,20
DA:25,20
DA:26,20
DA:27,20
DA:28,20
DA:29,20
DA:30,20
DA:31,20
DA:32,20
DA:33,20
DA:34,20
DA:35,20
DA:36,20
DA:37,20
DA:38,20
DA:39,20
DA:40,20
DA:41,20
DA:42,20
DA:43,20
DA:44,20
DA:45,20
DA:46,20
DA:47,20
DA:48,20
DA:49,20
DA:50,20
DA:51,20
DA:52,20
DA:53,20
DA:54,20
DA:55,20
DA:56,20
DA:57,20
DA:58,20
DA:59,20
DA:60,20
DA:61,20
DA:62,20
DA:63,20
DA:64,20
DA:65,20
DA:66,20
DA:67,20
DA:68,20
DA:69,20
DA:70,20
DA:71,20
DA:72,20
DA:73,20
DA:74,20
DA:75,20
DA:76,20
DA:77,20
DA:78,20
DA:79,20
DA:80,20
DA:81,20
DA:82,20
DA:83,20
DA:84,20
DA:85,20
DA:86,1
DA:87,1
LF:87
LH:87
BRDA:1,0,0,28
BRDA:3,1,0,2
BRDA:8,2,0,1
BRDA:12,3,0,0
BRDA:17,4,0,4
BRDA:22,5,0,1
BRDA:25,6,0,3
BRDA:27,7,0,2
BRDA:30,8,0,1
BRDA:35,9,0,6
BRDA:37,10,0,5
BRDA:41,11,0,0
BRDA:45,12,0,0
BRDA:49,13,0,0
BRDA:54,14,0,1
BRDA:57,15,0,5
BRDA:60,16,0,4
BRDA:61,17,0,1
BRDA:64,18,0,3
BRDA:66,19,0,3
BRDA:68,20,0,1
BRDA:71,21,0,2
BRDA:73,22,0,2
BRDA:74,23,0,1
BRDA:74,24,0,1
BRDA:78,25,0,5
BRDA:80,26,0,1
BRDA:83,27,0,4
BRDA:2,28,0,20
BRDA:5,29,0,5
BRF:30
BRH:26
end_of_record
TN:
SF:src/services/CreateEmployeesService.js
FN:5,createEmployeesService
FNF:1
FNH:1
FNDA:1,createEmployeesService
DA:1,1
DA:2,1
DA:3,1
DA:4,1
DA:5,1
DA:6,1
DA:7,1
DA:8,1
DA:9,1
DA:10,1
DA:11,1
DA:12,1
DA:13,1
DA:14,1
DA:15,1
DA:16,0
DA:17,0
DA:18,0
DA:19,0
DA:20,0
DA:21,0
DA:22,0
DA:23,0
DA:24,0
DA:25,0
DA:26,0
DA:27,0
DA:28,0
DA:29,1
DA:30,1
DA:31,0
DA:32,0
DA:33,1
DA:34,1
DA:35,1
DA:36,1
DA:37,1
LF:37
LH:22
BRDA:5,0,0,1
BRDA:8,1,0,0
BRF:2
BRH:1
end_of_record
TN:
SF:src/services/CreateNewDataBaseService.js
FN:3,CreateNewDataBase
FNF:1
FNH:1
FNDA:1,CreateNewDataBase
DA:1,1
DA:2,1
DA:3,1
DA:4,1
DA:5,1
DA:6,1
DA:7,1
DA:8,1
DA:9,1
DA:10,0
DA:11,0
DA:12,0
DA:13,0
DA:14,0
DA:15,0
DA:16,0
DA:17,0
DA:18,0
DA:19,0
DA:20,0
DA:21,0
DA:22,1
DA:23,1
DA:24,1
LF:24
LH:12
BRDA:3,0,0,1
BRDA:4,1,0,0
BRF:2
BRH:1
end_of_record
